<?xml version="1.0" encoding="UTF-8"?>
<!-- Generated by org.testng.reporters.JUnitReportReporter -->
<testsuite hostname="LAPTOP-2AVP4BQP" failures="0" tests="3" name="Testing.BeforeMethodPractice" time="53.131" errors="0" timestamp="2023-08-30T15:51:10 IST" skipped="0">
  <testcase classname="Testing.BeforeMethodPractice" name="MyntraSearch" time="9.300"/>
  <testcase classname="Testing.BeforeMethodPractice" name="Myntra" time="9.398"/>
  <testcase classname="Testing.BeforeMethodPractice" name="Myntrawomen" time="34.433"/>
</testsuite> <!-- Testing.BeforeMethodPractice -->
