<?xml version="1.0" encoding="UTF-8"?>
<!-- Generated by org.testng.reporters.JUnitReportReporter -->
<testsuite hostname="LAPTOP-2AVP4BQP" failures="0" tests="2" name="Testing.BeforeClassPractice" time="8.526" errors="0" timestamp="2023-08-30T16:03:06 IST" skipped="0">
  <testcase classname="Testing.BeforeClassPractice" name="Flipkartflights" time="4.363"/>
  <testcase classname="Testing.BeforeClassPractice" name="FlipkartFurniture" time="4.163"/>
</testsuite> <!-- Testing.BeforeClassPractice -->
