<?xml version="1.0" encoding="UTF-8"?>
<!-- Generated by org.testng.reporters.JUnitReportReporter -->
<testsuite hostname="LAPTOP-2AVP4BQP" failures="0" tests="3" name="Testing.BeforeMethodPractice" time="22.210" errors="0" timestamp="2023-08-30T16:03:06 IST" skipped="0">
  <testcase classname="Testing.BeforeMethodPractice" name="MyntraSearch" time="6.894"/>
  <testcase classname="Testing.BeforeMethodPractice" name="Myntra" time="7.515"/>
  <testcase classname="Testing.BeforeMethodPractice" name="Myntrawomen" time="7.801"/>
</testsuite> <!-- Testing.BeforeMethodPractice -->
